0 info it worked if it ends with ok
1 verbose cli [ '/usr/bin/nodejs', '/usr/bin/npm', 'run', 'dev-server' ]
2 info using npm@3.10.3
3 info using node@v6.2.2
4 verbose run-script [ 'predev-server', 'dev-server', 'postdev-server' ]
5 info lifecycle angular-webpack-seed@0.1.0~predev-server: angular-webpack-seed@0.1.0
6 silly lifecycle angular-webpack-seed@0.1.0~predev-server: no script for predev-server, continuing
7 info lifecycle angular-webpack-seed@0.1.0~dev-server: angular-webpack-seed@0.1.0
8 verbose lifecycle angular-webpack-seed@0.1.0~dev-server: unsafe-perm in lifecycle true
9 verbose lifecycle angular-webpack-seed@0.1.0~dev-server: PATH: /usr/lib/node_modules/npm/bin/node-gyp-bin:/home/hackerx/Documents/1/node_modules/.bin:/usr/bin:/usr/local/sbin:/usr/local/bin:/usr/sbin:/usr/bin:/sbin:/bin:/usr/games:/usr/local/games:/snap/bin
10 verbose lifecycle angular-webpack-seed@0.1.0~dev-server: CWD: /home/hackerx/Documents/1
11 silly lifecycle angular-webpack-seed@0.1.0~dev-server: Args: [ '-c',
11 silly lifecycle   'webpack-dev-server --config webpack-dev-server.config.js --progress --colors --port 2992 --inline --content-base public' ]
12 silly lifecycle angular-webpack-seed@0.1.0~dev-server: Returned: code: 1  signal: null
13 info lifecycle angular-webpack-seed@0.1.0~dev-server: Failed to exec dev-server script
14 verbose stack Error: angular-webpack-seed@0.1.0 dev-server: `webpack-dev-server --config webpack-dev-server.config.js --progress --colors --port 2992 --inline --content-base public`
14 verbose stack Exit status 1
14 verbose stack     at EventEmitter.<anonymous> (/usr/lib/node_modules/npm/lib/utils/lifecycle.js:242:16)
14 verbose stack     at emitTwo (events.js:106:13)
14 verbose stack     at EventEmitter.emit (events.js:191:7)
14 verbose stack     at ChildProcess.<anonymous> (/usr/lib/node_modules/npm/lib/utils/spawn.js:40:14)
14 verbose stack     at emitTwo (events.js:106:13)
14 verbose stack     at ChildProcess.emit (events.js:191:7)
14 verbose stack     at maybeClose (internal/child_process.js:852:16)
14 verbose stack     at Process.ChildProcess._handle.onexit (internal/child_process.js:215:5)
15 verbose pkgid angular-webpack-seed@0.1.0
16 verbose cwd /home/hackerx/Documents/1
17 error Linux 4.4.0-28-generic
18 error argv "/usr/bin/nodejs" "/usr/bin/npm" "run" "dev-server"
19 error node v6.2.2
20 error npm  v3.10.3
21 error code ELIFECYCLE
22 error angular-webpack-seed@0.1.0 dev-server: `webpack-dev-server --config webpack-dev-server.config.js --progress --colors --port 2992 --inline --content-base public`
22 error Exit status 1
23 error Failed at the angular-webpack-seed@0.1.0 dev-server script 'webpack-dev-server --config webpack-dev-server.config.js --progress --colors --port 2992 --inline --content-base public'.
23 error Make sure you have the latest version of node.js and npm installed.
23 error If you do, this is most likely a problem with the angular-webpack-seed package,
23 error not with npm itself.
23 error Tell the author that this fails on your system:
23 error     webpack-dev-server --config webpack-dev-server.config.js --progress --colors --port 2992 --inline --content-base public
23 error You can get information on how to open an issue for this project with:
23 error     npm bugs angular-webpack-seed
23 error Or if that isn't available, you can get their info via:
23 error     npm owner ls angular-webpack-seed
23 error There is likely additional logging output above.
24 verbose exit [ 1, true ]
